# JRE version: OpenJDK Runtime Environment (8.0_202-b03) (build 1.8.0_202-release-1483-b03)
# Java VM: OpenJDK 64-Bit Server VM (25.202-b03 mixed mode windows-amd64 compressed oops)
Heap:
 PSYoungGen      total 300032K, used 292990K [0x00000000e0000000, 0x00000000f4400000, 0x0000000100000000)
  eden space 284672K, 100% used [0x00000000e0000000,0x00000000f1600000,0x00000000f1600000)
  from space 15360K, 54% used [0x00000000f3500000,0x00000000f3d1faa8,0x00000000f4400000)
  to   space 23552K, 63% used [0x00000000f1600000,0x00000000f249aac8,0x00000000f2d00000)
 ParOldGen       total 124928K, used 48562K [0x00000000a0000000, 0x00000000a7a00000, 0x00000000e0000000)
  object space 124928K, 38% used [0x00000000a0000000,0x00000000a2f6c810,0x00000000a7a00000)
 Metaspace       used 89203K, capacity 93069K, committed 93312K, reserved 1130496K
  class space    used 11589K, capacity 12344K, committed 12416K, reserved 1048576K
GC Heap History (10 events):
Event: 10.670 GC heap after
Heap after GC invocations=15 (full 3):
 PSYoungGen      total 205824K, used 0K [0x00000000e0000000, 0x00000000eeb00000, 0x0000000100000000)
  eden space 185856K, 0% used [0x00000000e0000000,0x00000000e0000000,0x00000000eb580000)
  from space 19968K, 0% used [0x00000000ec980000,0x00000000ec980000,0x00000000edd00000)
  to   space 20480K, 0% used [0x00000000eb580000,0x00000000eb580000,0x00000000ec980000)
 ParOldGen       total 124928K, used 30015K [0x00000000a0000000, 0x00000000a7a00000, 0x00000000e0000000)
  object space 124928K, 24% used [0x00000000a0000000,0x00000000a1d4ff78,0x00000000a7a00000)
 Metaspace       used 57048K, capacity 58827K, committed 59096K, reserved 1099776K
  class space    used 7644K, capacity 8038K, committed 8064K, reserved 1048576K
}
Event: 13.962 GC heap before
{Heap before GC invocations=16 (full 3):
 PSYoungGen      total 205824K, used 185856K [0x00000000e0000000, 0x00000000eeb00000, 0x0000000100000000)
  eden space 185856K, 100% used [0x00000000e0000000,0x00000000eb580000,0x00000000eb580000)
  from space 19968K, 0% used [0x00000000ec980000,0x00000000ec980000,0x00000000edd00000)
  to   space 20480K, 0% used [0x00000000eb580000,0x00000000eb580000,0x00000000ec980000)
 ParOldGen       total 124928K, used 30015K [0x00000000a0000000, 0x00000000a7a00000, 0x00000000e0000000)
  object space 124928K, 24% used [0x00000000a0000000,0x00000000a1d4ff78,0x00000000a7a00000)
 Metaspace       used 64999K, capacity 67225K, committed 67456K, reserved 1107968K
  class space    used 8769K, capacity 9260K, committed 9344K, reserved 1048576K
Event: 13.980 GC heap after
Heap after GC invocations=16 (full 3):
 PSYoungGen      total 206336K, used 14334K [0x00000000e0000000, 0x00000000f1200000, 0x0000000100000000)
  eden space 185856K, 0% used [0x00000000e0000000,0x00000000e0000000,0x00000000eb580000)
  from space 20480K, 69% used [0x00000000eb580000,0x00000000ec37fb60,0x00000000ec980000)
  to   space 21504K, 0% used [0x00000000efd00000,0x00000000efd00000,0x00000000f1200000)
 ParOldGen       total 124928K, used 30023K [0x00000000a0000000, 0x00000000a7a00000, 0x00000000e0000000)
  object space 124928K, 24% used [0x00000000a0000000,0x00000000a1d51f78,0x00000000a7a00000)
 Metaspace       used 64999K, capacity 67225K, committed 67456K, reserved 1107968K
  class space    used 8769K, capacity 9260K, committed 9344K, reserved 1048576K
}
Event: 32.958 GC heap before
{Heap before GC invocations=17 (full 3):
 PSYoungGen      total 206336K, used 200190K [0x00000000e0000000, 0x00000000f1200000, 0x0000000100000000)
  eden space 185856K, 100% used [0x00000000e0000000,0x00000000eb580000,0x00000000eb580000)
  from space 20480K, 69% used [0x00000000eb580000,0x00000000ec37fb60,0x00000000ec980000)
  to   space 21504K, 0% used [0x00000000efd00000,0x00000000efd00000,0x00000000f1200000)
 ParOldGen       total 124928K, used 30023K [0x00000000a0000000, 0x00000000a7a00000, 0x00000000e0000000)
  object space 124928K, 24% used [0x00000000a0000000,0x00000000a1d51f78,0x00000000a7a00000)
 Metaspace       used 72258K, capacity 75149K, committed 75392K, reserved 1114112K
  class space    used 9483K, capacity 10098K, committed 10112K, reserved 1048576K
Event: 32.981 GC heap after
Heap after GC invocations=17 (full 3):
 PSYoungGen      total 251392K, used 21491K [0x00000000e0000000, 0x00000000f1200000, 0x0000000100000000)
  eden space 229888K, 0% used [0x00000000e0000000,0x00000000e0000000,0x00000000ee080000)
  from space 21504K, 99% used [0x00000000efd00000,0x00000000f11fcda8,0x00000000f1200000)
  to   space 25088K, 0% used [0x00000000ee100000,0x00000000ee100000,0x00000000ef980000)
 ParOldGen       total 124928K, used 31010K [0x00000000a0000000, 0x00000000a7a00000, 0x00000000e0000000)
  object space 124928K, 24% used [0x00000000a0000000,0x00000000a1e48a50,0x00000000a7a00000)
 Metaspace       used 72258K, capacity 75149K, committed 75392K, reserved 1114112K
  class space    used 9483K, capacity 10098K, committed 10112K, reserved 1048576K
}
Event: 42.598 GC heap before
{Heap before GC invocations=18 (full 3):
 PSYoungGen      total 251392K, used 251379K [0x00000000e0000000, 0x00000000f1200000, 0x0000000100000000)
  eden space 229888K, 100% used [0x00000000e0000000,0x00000000ee080000,0x00000000ee080000)
  from space 21504K, 99% used [0x00000000efd00000,0x00000000f11fcda8,0x00000000f1200000)
  to   space 25088K, 0% used [0x00000000ee100000,0x00000000ee100000,0x00000000ef980000)
 ParOldGen       total 124928K, used 31010K [0x00000000a0000000, 0x00000000a7a00000, 0x00000000e0000000)
  object space 124928K, 24% used [0x00000000a0000000,0x00000000a1e48a50,0x00000000a7a00000)
 Metaspace       used 75893K, capacity 78915K, committed 79232K, reserved 1118208K
  class space    used 9906K, capacity 10525K, committed 10624K, reserved 1048576K
Event: 42.901 GC heap after
Heap after GC invocations=18 (full 3):
 PSYoungGen      total 255488K, used 13081K [0x00000000e0000000, 0x00000000f4d00000, 0x0000000100000000)
  eden space 230400K, 0% used [0x00000000e0000000,0x00000000e0000000,0x00000000ee100000)
  from space 25088K, 52% used [0x00000000ee100000,0x00000000eedc65d0,0x00000000ef980000)
  to   space 24576K, 0% used [0x00000000f3500000,0x00000000f3500000,0x00000000f4d00000)
 ParOldGen       total 124928K, used 48546K [0x00000000a0000000, 0x00000000a7a00000, 0x00000000e0000000)
  object space 124928K, 38% used [0x00000000a0000000,0x00000000a2f68810,0x00000000a7a00000)
 Metaspace       used 75893K, capacity 78915K, committed 79232K, reserved 1118208K
  class space    used 9906K, capacity 10525K, committed 10624K, reserved 1048576K
}
Event: 51.654 GC heap before
{Heap before GC invocations=19 (full 3):
 PSYoungGen      total 255488K, used 243481K [0x00000000e0000000, 0x00000000f4d00000, 0x0000000100000000)
  eden space 230400K, 100% used [0x00000000e0000000,0x00000000ee100000,0x00000000ee100000)
  from space 25088K, 52% used [0x00000000ee100000,0x00000000eedc65d0,0x00000000ef980000)
  to   space 24576K, 0% used [0x00000000f3500000,0x00000000f3500000,0x00000000f4d00000)
 ParOldGen       total 124928K, used 48546K [0x00000000a0000000, 0x00000000a7a00000, 0x00000000e0000000)
  object space 124928K, 38% used [0x00000000a0000000,0x00000000a2f68810,0x00000000a7a00000)
 Metaspace       used 80078K, capacity 83507K, committed 83712K, reserved 1122304K
  class space    used 10518K, capacity 11187K, committed 11264K, reserved 1048576K
Event: 51.686 GC heap after
Heap after GC invocations=19 (full 3):
 PSYoungGen      total 300032K, used 8318K [0x00000000e0000000, 0x00000000f4400000, 0x0000000100000000)
  eden space 284672K, 0% used [0x00000000e0000000,0x00000000e0000000,0x00000000f1600000)
  from space 15360K, 54% used [0x00000000f3500000,0x00000000f3d1faa8,0x00000000f4400000)
  to   space 23552K, 0% used [0x00000000f1600000,0x00000000f1600000,0x00000000f2d00000)
 ParOldGen       total 124928K, used 48554K [0x00000000a0000000, 0x00000000a7a00000, 0x00000000e0000000)
  object space 124928K, 38% used [0x00000000a0000000,0x00000000a2f6a810,0x00000000a7a00000)
 Metaspace       used 80078K, capacity 83507K, committed 83712K, reserved 1122304K
  class space    used 10518K, capacity 11187K, committed 11264K, reserved 1048576K
}
Event: 61.317 GC heap before
{Heap before GC invocations=20 (full 3):
 PSYoungGen      total 300032K, used 292990K [0x00000000e0000000, 0x00000000f4400000, 0x0000000100000000)
  eden space 284672K, 100% used [0x00000000e0000000,0x00000000f1600000,0x00000000f1600000)
  from space 15360K, 54% used [0x00000000f3500000,0x00000000f3d1faa8,0x00000000f4400000)
  to   space 23552K, 0% used [0x00000000f1600000,0x00000000f1600000,0x00000000f2d00000)
 ParOldGen       total 124928K, used 48554K [0x00000000a0000000, 0x00000000a7a00000, 0x00000000e0000000)
  object space 124928K, 38% used [0x00000000a0000000,0x00000000a2f6a810,0x00000000a7a00000)
 Metaspace       used 89203K, capacity 93069K, committed 93312K, reserved 1130496K
  class space    used 11589K, capacity 12344K, committed 12416K, reserved 1048576K

