# JRE version: OpenJDK Runtime Environment (8.0_202-b03) (build 1.8.0_202-release-1483-b03)
# Java VM: OpenJDK 64-Bit Server VM (25.202-b03 mixed mode windows-amd64 compressed oops)
Heap:
 PSYoungGen      total 454656K, used 265320K [0x00000000e0000000, 0x0000000100000000, 0x0000000100000000)
  eden space 430080K, 56% used [0x00000000e0000000,0x00000000eeb86a48,0x00000000fa400000)
  from space 24576K, 98% used [0x00000000fa400000,0x00000000fbb93960,0x00000000fbc00000)
  to   space 28160K, 0% used [0x00000000fe480000,0x00000000fe480000,0x0000000100000000)
 ParOldGen       total 96768K, used 29410K [0x00000000a0000000, 0x00000000a5e80000, 0x00000000e0000000)
  object space 96768K, 30% used [0x00000000a0000000,0x00000000a1cb8978,0x00000000a5e80000)
 Metaspace       used 72119K, capacity 75322K, committed 75480K, reserved 1114112K
  class space    used 9423K, capacity 10135K, committed 10240K, reserved 1048576K
GC Heap History (10 events):
Event: 25.141 GC heap before
{Heap before GC invocations=8 (full 2):
 PSYoungGen      total 260096K, used 11168K [0x00000000e0000000, 0x00000000f1080000, 0x0000000100000000)
  eden space 246272K, 0% used [0x00000000e0000000,0x00000000e0000000,0x00000000ef080000)
  from space 13824K, 80% used [0x00000000f0300000,0x00000000f0de8280,0x00000000f1080000)
  to   space 16384K, 0% used [0x00000000ef080000,0x00000000ef080000,0x00000000f0080000)
 ParOldGen       total 55296K, used 18493K [0x00000000a0000000, 0x00000000a3600000, 0x00000000e0000000)
  object space 55296K, 33% used [0x00000000a0000000,0x00000000a120f758,0x00000000a3600000)
 Metaspace       used 34649K, capacity 35176K, committed 35416K, reserved 1079296K
  class space    used 4753K, capacity 4933K, committed 4992K, reserved 1048576K
Event: 25.271 GC heap after
Heap after GC invocations=8 (full 2):
 PSYoungGen      total 260096K, used 0K [0x00000000e0000000, 0x00000000f1080000, 0x0000000100000000)
  eden space 246272K, 0% used [0x00000000e0000000,0x00000000e0000000,0x00000000ef080000)
  from space 13824K, 0% used [0x00000000f0300000,0x00000000f0300000,0x00000000f1080000)
  to   space 16384K, 0% used [0x00000000ef080000,0x00000000ef080000,0x00000000f0080000)
 ParOldGen       total 73216K, used 17964K [0x00000000a0000000, 0x00000000a4780000, 0x00000000e0000000)
  object space 73216K, 24% used [0x00000000a0000000,0x00000000a118b1d8,0x00000000a4780000)
 Metaspace       used 34649K, capacity 35176K, committed 35416K, reserved 1079296K
  class space    used 4753K, capacity 4933K, committed 4992K, reserved 1048576K
}
Event: 29.141 GC heap before
{Heap before GC invocations=9 (full 2):
 PSYoungGen      total 260096K, used 246272K [0x00000000e0000000, 0x00000000f1080000, 0x0000000100000000)
  eden space 246272K, 100% used [0x00000000e0000000,0x00000000ef080000,0x00000000ef080000)
  from space 13824K, 0% used [0x00000000f0300000,0x00000000f0300000,0x00000000f1080000)
  to   space 16384K, 0% used [0x00000000ef080000,0x00000000ef080000,0x00000000f0080000)
 ParOldGen       total 73216K, used 17964K [0x00000000a0000000, 0x00000000a4780000, 0x00000000e0000000)
  object space 73216K, 24% used [0x00000000a0000000,0x00000000a118b1d8,0x00000000a4780000)
 Metaspace       used 56268K, capacity 57642K, committed 57944K, reserved 1099776K
  class space    used 7641K, capacity 7970K, committed 8064K, reserved 1048576K
Event: 29.170 GC heap after
Heap after GC invocations=9 (full 2):
 PSYoungGen      total 262656K, used 16378K [0x00000000e0000000, 0x00000000fd480000, 0x0000000100000000)
  eden space 246272K, 0% used [0x00000000e0000000,0x00000000e0000000,0x00000000ef080000)
  from space 16384K, 99% used [0x00000000ef080000,0x00000000f007ebb0,0x00000000f0080000)
  to   space 25088K, 0% used [0x00000000fbc00000,0x00000000fbc00000,0x00000000fd480000)
 ParOldGen       total 73216K, used 30238K [0x00000000a0000000, 0x00000000a4780000, 0x00000000e0000000)
  object space 73216K, 41% used [0x00000000a0000000,0x00000000a1d87b48,0x00000000a4780000)
 Metaspace       used 56268K, capacity 57642K, committed 57944K, reserved 1099776K
  class space    used 7641K, capacity 7970K, committed 8064K, reserved 1048576K
}
Event: 29.270 GC heap before
{Heap before GC invocations=10 (full 2):
 PSYoungGen      total 262656K, used 35178K [0x00000000e0000000, 0x00000000fd480000, 0x0000000100000000)
  eden space 246272K, 7% used [0x00000000e0000000,0x00000000e125bd68,0x00000000ef080000)
  from space 16384K, 99% used [0x00000000ef080000,0x00000000f007ebb0,0x00000000f0080000)
  to   space 25088K, 0% used [0x00000000fbc00000,0x00000000fbc00000,0x00000000fd480000)
 ParOldGen       total 73216K, used 30238K [0x00000000a0000000, 0x00000000a4780000, 0x00000000e0000000)
  object space 73216K, 41% used [0x00000000a0000000,0x00000000a1d87b48,0x00000000a4780000)
 Metaspace       used 56972K, capacity 58912K, committed 59028K, reserved 1099776K
  class space    used 7799K, capacity 8241K, committed 8320K, reserved 1048576K
Event: 29.283 GC heap after
Heap after GC invocations=10 (full 2):
 PSYoungGen      total 455168K, used 14037K [0x00000000e0000000, 0x00000000fe080000, 0x0000000100000000)
  eden space 430080K, 0% used [0x00000000e0000000,0x00000000e0000000,0x00000000fa400000)
  from space 25088K, 55% used [0x00000000fbc00000,0x00000000fc9b57d0,0x00000000fd480000)
  to   space 24576K, 0% used [0x00000000fa400000,0x00000000fa400000,0x00000000fbc00000)
 ParOldGen       total 73216K, used 30246K [0x00000000a0000000, 0x00000000a4780000, 0x00000000e0000000)
  object space 73216K, 41% used [0x00000000a0000000,0x00000000a1d89b48,0x00000000a4780000)
 Metaspace       used 56972K, capacity 58912K, committed 59028K, reserved 1099776K
  class space    used 7799K, capacity 8241K, committed 8320K, reserved 1048576K
}
Event: 29.283 GC heap before
{Heap before GC invocations=11 (full 3):
 PSYoungGen      total 455168K, used 14037K [0x00000000e0000000, 0x00000000fe080000, 0x0000000100000000)
  eden space 430080K, 0% used [0x00000000e0000000,0x00000000e0000000,0x00000000fa400000)
  from space 25088K, 55% used [0x00000000fbc00000,0x00000000fc9b57d0,0x00000000fd480000)
  to   space 24576K, 0% used [0x00000000fa400000,0x00000000fa400000,0x00000000fbc00000)
 ParOldGen       total 73216K, used 30246K [0x00000000a0000000, 0x00000000a4780000, 0x00000000e0000000)
  object space 73216K, 41% used [0x00000000a0000000,0x00000000a1d89b48,0x00000000a4780000)
 Metaspace       used 56972K, capacity 58912K, committed 59028K, reserved 1099776K
  class space    used 7799K, capacity 8241K, committed 8320K, reserved 1048576K
Event: 29.515 GC heap after
Heap after GC invocations=11 (full 3):
 PSYoungGen      total 455168K, used 0K [0x00000000e0000000, 0x00000000fe080000, 0x0000000100000000)
  eden space 430080K, 0% used [0x00000000e0000000,0x00000000e0000000,0x00000000fa400000)
  from space 25088K, 0% used [0x00000000fbc00000,0x00000000fbc00000,0x00000000fd480000)
  to   space 24576K, 0% used [0x00000000fa400000,0x00000000fa400000,0x00000000fbc00000)
 ParOldGen       total 96768K, used 29402K [0x00000000a0000000, 0x00000000a5e80000, 0x00000000e0000000)
  object space 96768K, 30% used [0x00000000a0000000,0x00000000a1cb6978,0x00000000a5e80000)
 Metaspace       used 56752K, capacity 58272K, committed 59028K, reserved 1099776K
  class space    used 7730K, capacity 8121K, committed 8320K, reserved 1048576K
}
Event: 712.521 GC heap before
{Heap before GC invocations=12 (full 3):
 PSYoungGen      total 455168K, used 430080K [0x00000000e0000000, 0x00000000fe080000, 0x0000000100000000)
  eden space 430080K, 100% used [0x00000000e0000000,0x00000000fa400000,0x00000000fa400000)
  from space 25088K, 0% used [0x00000000fbc00000,0x00000000fbc00000,0x00000000fd480000)
  to   space 24576K, 0% used [0x00000000fa400000,0x00000000fa400000,0x00000000fbc00000)
 ParOldGen       total 96768K, used 29402K [0x00000000a0000000, 0x00000000a5e80000, 0x00000000e0000000)
  object space 96768K, 30% used [0x00000000a0000000,0x00000000a1cb6978,0x00000000a5e80000)
 Metaspace       used 70172K, capacity 73210K, committed 73432K, reserved 1112064K
  class space    used 9251K, capacity 9917K, committed 9984K, reserved 1048576K
Event: 712.545 GC heap after
Heap after GC invocations=12 (full 3):
 PSYoungGen      total 454656K, used 24142K [0x00000000e0000000, 0x0000000100000000, 0x0000000100000000)
  eden space 430080K, 0% used [0x00000000e0000000,0x00000000e0000000,0x00000000fa400000)
  from space 24576K, 98% used [0x00000000fa400000,0x00000000fbb93960,0x00000000fbc00000)
  to   space 28160K, 0% used [0x00000000fe480000,0x00000000fe480000,0x0000000100000000)
 ParOldGen       total 96768K, used 29410K [0x00000000a0000000, 0x00000000a5e80000, 0x00000000e0000000)
  object space 96768K, 30% used [0x00000000a0000000,0x00000000a1cb8978,0x00000000a5e80000)
 Metaspace       used 70172K, capacity 73210K, committed 73432K, reserved 1112064K
  class space    used 9251K, capacity 9917K, committed 9984K, reserved 1048576K
}

